[2022-07-11 20:55:38] [ INFO ] [OdontologoController:33] Se creó un odontologo
[2022-07-11 20:55:49] [ INFO ] [PacienteController:37] Se creó un paciente
[2022-07-11 20:55:55] [ INFO ] [PacienteController:86] listando todos los pacientes
[2022-07-11 20:55:55] [ INFO ] [OdontologoController:81] listando todos los odontologos
[2022-07-11 20:55:59] [ INFO ] [TurnoController:43] Se creó un turno
[2022-07-11 20:56:07] [ INFO ] [TurnoController:91] listando todos los turnos
[2022-07-11 20:56:11] [ INFO ] [PacienteController:86] listando todos los pacientes
[2022-07-11 20:56:11] [ INFO ] [OdontologoController:81] listando todos los odontologos
[2022-07-11 20:56:30] [ INFO ] [TurnoController:81] Se modifico el Turno con id : 1
[2022-07-11 20:56:30] [ INFO ] [TurnoController:91] listando todos los turnos
[2022-07-11 20:56:39] [ INFO ] [PacienteController:86] listando todos los pacientes
[2022-07-11 20:56:51] [ INFO ] [PacienteController:61] Se modifico el paciente con id : 1
[2022-07-11 20:56:51] [ INFO ] [PacienteController:86] listando todos los pacientes
[2022-07-11 20:56:55] [ INFO ] [TurnoController:91] listando todos los turnos
[2022-07-11 20:57:00] [ INFO ] [TurnoController:91] listando todos los turnos
[2022-07-11 20:57:03] [ INFO ] [PacienteController:86] listando todos los pacientes
[2022-07-11 20:57:04] [ INFO ] [PacienteController:75] Se elimino el paciente id: 1
[2022-07-11 20:57:05] [ INFO ] [PacienteController:86] listando todos los pacientes
[2022-07-11 20:57:08] [ INFO ] [OdontologoController:81] listando todos los odontologos
[2022-07-11 20:57:09] [ INFO ] [OdontologoController:70] Se elimino el odontologo id: 1
[2022-07-11 20:57:09] [ INFO ] [OdontologoController:81] listando todos los odontologos
[2022-07-11 20:57:20] [ INFO ] [OdontologoController:33] Se creó un odontologo
[2022-07-11 20:57:34] [ INFO ] [PacienteController:37] Se creó un paciente
[2022-07-11 20:57:36] [ INFO ] [PacienteController:86] listando todos los pacientes
[2022-07-11 20:57:36] [ INFO ] [OdontologoController:81] listando todos los odontologos
[2022-07-11 20:57:39] [ INFO ] [TurnoController:43] Se creó un turno
[2022-07-11 20:57:47] [ INFO ] [OdontologoController:33] Se creó un odontologo
[2022-07-11 20:57:48] [ INFO ] [OdontologoController:81] listando todos los odontologos
[2022-07-11 20:57:52] [ INFO ] [PacienteController:86] listando todos los pacientes
[2022-07-11 20:57:52] [ INFO ] [OdontologoController:81] listando todos los odontologos
[2022-07-11 20:57:54] [ INFO ] [TurnoController:91] listando todos los turnos
[2022-07-11 20:57:57] [ INFO ] [PacienteController:86] listando todos los pacientes
[2022-07-11 20:57:57] [ INFO ] [OdontologoController:81] listando todos los odontologos
[2022-07-11 20:58:04] [ INFO ] [TurnoController:91] listando todos los turnos
[2022-07-11 20:58:10] [ INFO ] [PacienteController:86] listando todos los pacientes
[2022-07-11 20:58:10] [ INFO ] [OdontologoController:81] listando todos los odontologos
[2022-07-11 20:58:23] [ INFO ] [TurnoController:81] Se modifico el Turno con id : 2
[2022-07-11 20:58:23] [ INFO ] [TurnoController:91] listando todos los turnos
[2022-07-11 20:58:26] [ INFO ] [PacienteController:86] listando todos los pacientes
[2022-07-11 20:58:26] [ INFO ] [OdontologoController:81] listando todos los odontologos
[2022-07-11 20:58:33] [ INFO ] [TurnoController:43] Se creó un turno
[2022-07-11 20:58:35] [ INFO ] [TurnoController:91] listando todos los turnos
[2022-07-11 21:50:32] [ INFO ] [TurnoController:91] listando todos los turnos
[2022-07-11 21:50:39] [ INFO ] [TurnoController:91] listando todos los turnos
[2022-07-11 21:50:43] [ INFO ] [PacienteController:86] listando todos los pacientes
[2022-07-11 21:50:47] [ INFO ] [OdontologoController:81] listando todos los odontologos
[2022-07-11 21:53:31] [ INFO ] [OdontologoController:33] Se creó un odontologo
[2022-07-11 21:53:45] [ INFO ] [OdontologoController:81] listando todos los odontologos
[2022-07-11 21:53:52] [ INFO ] [OdontologoController:81] listando todos los odontologos
[2022-07-11 21:53:56] [ INFO ] [PacienteController:86] listando todos los pacientes
[2022-07-11 22:13:42] [ INFO ] [OdontologoController:33] Se creó un odontologo
[2022-07-11 22:13:50] [ ERROR] [GlobalExceptionHandler:17] paciente no encontrado
[2022-07-11 23:17:12] [ INFO ] [OdontologoController:32] Se creó un odontologo
[2022-07-11 23:17:22] [ INFO ] [PacienteController:37] Se creó un paciente
[2022-07-11 23:17:24] [ INFO ] [PacienteController:86] listando todos los pacientes
[2022-07-11 23:17:24] [ INFO ] [OdontologoController:80] listando todos los odontologos
[2022-07-11 23:17:32] [ INFO ] [TurnoController:43] Se creó un turno
[2022-07-11 23:17:34] [ INFO ] [OdontologoController:80] listando todos los odontologos
[2022-07-11 23:17:38] [ INFO ] [PacienteController:86] listando todos los pacientes
[2022-07-11 23:17:41] [ INFO ] [TurnoController:91] listando todos los turnos
[2022-07-11 23:17:45] [ INFO ] [PacienteController:86] listando todos los pacientes
[2022-07-11 23:18:07] [ INFO ] [PacienteController:61] Se modifico el paciente con id : 1
[2022-07-11 23:18:08] [ INFO ] [PacienteController:86] listando todos los pacientes
[2022-07-11 23:27:45] [ INFO ] [OdontologoController:31] Se creó un odontologo
[2022-07-11 23:27:54] [ INFO ] [PacienteController:36] Se creó un paciente
[2022-07-11 23:27:56] [ INFO ] [PacienteController:85] listando todos los pacientes
[2022-07-11 23:27:56] [ INFO ] [OdontologoController:78] listando todos los odontologos
[2022-07-11 23:28:00] [ INFO ] [TurnoController:43] Se creó un turno
[2022-07-11 23:28:03] [ INFO ] [OdontologoController:78] listando todos los odontologos
[2022-07-11 23:28:06] [ INFO ] [PacienteController:85] listando todos los pacientes
[2022-07-11 23:28:09] [ INFO ] [TurnoController:91] listando todos los turnos
[2022-07-11 23:28:14] [ INFO ] [PacienteController:85] listando todos los pacientes
[2022-07-11 23:28:14] [ INFO ] [OdontologoController:78] listando todos los odontologos
[2022-07-11 23:28:23] [ INFO ] [TurnoController:81] Se modifico el Turno con id : 1
[2022-07-11 23:28:23] [ INFO ] [TurnoController:91] listando todos los turnos
[2022-07-11 23:29:08] [ ERROR] [GlobalExceptionHandler:17] paciente no encontrado
[2022-07-11 23:29:12] [ INFO ] [PacienteController:44] get del paciente id: 1
[2022-07-11 23:51:19] [ ERROR] [GlobalExceptionHandler:17] paciente no encontrado
[2022-07-11 23:51:31] [ INFO ] [PacienteController:36] Se creó un paciente
[2022-07-11 23:51:35] [ INFO ] [PacienteController:44] get del paciente id: 1
[2022-07-12 11:08:08] [ INFO ] [OdontologoController:31] Se creó un odontologo
[2022-07-12 11:08:11] [ INFO ] [OdontologoController:78] listando todos los odontologos
[2022-07-12 11:08:34] [ INFO ] [PacienteController:36] Se creó un paciente
[2022-07-12 11:08:36] [ INFO ] [PacienteController:85] listando todos los pacientes
[2022-07-12 11:08:36] [ INFO ] [OdontologoController:78] listando todos los odontologos
[2022-07-12 11:08:41] [ INFO ] [TurnoController:43] Se creó un turno
[2022-07-12 11:08:44] [ INFO ] [OdontologoController:78] listando todos los odontologos
[2022-07-12 11:08:50] [ INFO ] [PacienteController:85] listando todos los pacientes
[2022-07-12 11:08:56] [ INFO ] [TurnoController:91] listando todos los turnos
[2022-07-12 11:16:25] [ INFO ] [OdontologoController:31] Se creó un odontologo
[2022-07-12 11:16:48] [ INFO ] [PacienteController:36] Se creó un paciente
[2022-07-12 11:16:51] [ INFO ] [PacienteController:85] listando todos los pacientes
[2022-07-12 11:16:51] [ INFO ] [OdontologoController:78] listando todos los odontologos
[2022-07-12 11:16:55] [ INFO ] [TurnoController:43] Se creó un turno
[2022-07-12 11:16:57] [ INFO ] [OdontologoController:78] listando todos los odontologos
[2022-07-12 11:17:03] [ INFO ] [PacienteController:85] listando todos los pacientes
[2022-07-12 11:27:57] [ INFO ] [PacienteController:36] Se creó un paciente
[2022-07-12 11:28:00] [ INFO ] [PacienteController:85] listando todos los pacientes
[2022-07-12 11:28:25] [ INFO ] [OdontologoController:31] Se creó un odontologo
[2022-07-12 11:28:28] [ INFO ] [OdontologoController:78] listando todos los odontologos
[2022-07-12 11:28:28] [ INFO ] [PacienteController:85] listando todos los pacientes
[2022-07-12 11:29:34] [ INFO ] [OdontologoController:31] Se creó un odontologo
[2022-07-12 11:29:38] [ INFO ] [OdontologoController:78] listando todos los odontologos
[2022-07-12 11:30:01] [ INFO ] [OdontologoController:78] listando todos los odontologos
[2022-07-12 11:32:14] [ INFO ] [PacienteController:36] Se creó un paciente
[2022-07-12 11:32:17] [ INFO ] [PacienteController:85] listando todos los pacientes
[2022-07-12 11:33:26] [ INFO ] [PacienteController:85] listando todos los pacientes
[2022-07-12 11:42:08] [ INFO ] [PacienteController:85] listando todos los pacientes
[2022-07-12 11:42:14] [ INFO ] [TurnoController:91] listando todos los turnos
[2022-07-12 11:42:56] [ INFO ] [PacienteController:85] listando todos los pacientes
[2022-07-12 11:45:40] [ INFO ] [PacienteController:36] Se creó un paciente
[2022-07-12 11:45:45] [ INFO ] [PacienteController:85] listando todos los pacientes
[2022-07-12 11:45:45] [ INFO ] [OdontologoController:78] listando todos los odontologos
[2022-07-12 11:45:55] [ ERROR] [GlobalExceptionHandler:17] odontologo no encontrado
[2022-07-12 11:45:58] [ INFO ] [TurnoController:91] listando todos los turnos
[2022-07-12 11:46:04] [ INFO ] [PacienteController:85] listando todos los pacientes
[2022-07-12 11:46:04] [ INFO ] [OdontologoController:78] listando todos los odontologos
[2022-07-12 11:47:28] [ INFO ] [OdontologoController:78] listando todos los odontologos
[2022-07-12 11:47:49] [ INFO ] [PacienteController:85] listando todos los pacientes
[2022-07-12 11:47:49] [ INFO ] [OdontologoController:78] listando todos los odontologos
[2022-07-12 11:49:25] [ INFO ] [OdontologoController:78] listando todos los odontologos
[2022-07-12 20:30:57] [ INFO ] [PacienteController:85] listando todos los pacientes
[2022-07-12 20:31:10] [ INFO ] [PacienteController:36] Se creó un paciente
[2022-07-12 20:31:15] [ ERROR] [GlobalExceptionHandler:17] paciente no encontrado
[2022-07-12 20:32:37] [ INFO ] [PacienteController:36] Se creó un paciente
[2022-07-12 20:32:41] [ INFO ] [PacienteController:85] listando todos los pacientes
[2022-07-12 20:32:55] [ INFO ] [PacienteController:85] listando todos los pacientes
[2022-07-12 20:33:00] [ INFO ] [PacienteController:36] Se creó un paciente
[2022-07-12 20:33:02] [ INFO ] [PacienteController:85] listando todos los pacientes
[2022-07-12 20:33:22] [ INFO ] [OdontologoController:78] listando todos los odontologos
[2022-07-12 20:33:26] [ INFO ] [PacienteController:85] listando todos los pacientes
[2022-07-12 20:33:38] [ INFO ] [OdontologoController:31] Se creó un odontologo
[2022-07-12 20:33:40] [ INFO ] [PacienteController:85] listando todos los pacientes
[2022-07-12 20:33:40] [ INFO ] [OdontologoController:78] listando todos los odontologos
[2022-07-12 20:33:43] [ INFO ] [TurnoController:43] Se creó un turno
[2022-07-12 20:33:45] [ INFO ] [TurnoController:91] listando todos los turnos
[2022-07-12 20:33:48] [ INFO ] [PacienteController:85] listando todos los pacientes
[2022-07-12 20:33:48] [ INFO ] [OdontologoController:78] listando todos los odontologos
[2022-07-12 20:33:56] [ INFO ] [TurnoController:43] Se creó un turno
[2022-07-12 20:37:56] [ INFO ] [OdontologoController:31] Se creó un odontologo
[2022-07-12 20:38:11] [ INFO ] [PacienteController:36] Se creó un paciente
[2022-07-12 20:38:13] [ INFO ] [PacienteController:85] listando todos los pacientes
[2022-07-12 20:38:13] [ INFO ] [OdontologoController:78] listando todos los odontologos
[2022-07-12 20:38:16] [ INFO ] [TurnoController:43] Se creó un turno
[2022-07-12 20:38:19] [ INFO ] [TurnoController:91] listando todos los turnos
[2022-07-12 20:38:22] [ INFO ] [PacienteController:85] listando todos los pacientes
[2022-07-12 20:38:24] [ INFO ] [OdontologoController:78] listando todos los odontologos
[2022-07-12 20:42:57] [ INFO ] [PacienteController:85] listando todos los pacientes
[2022-07-12 20:42:57] [ INFO ] [OdontologoController:78] listando todos los odontologos
[2022-07-12 20:43:04] [ INFO ] [TurnoController:43] Se creó un turno
[2022-07-12 20:43:07] [ INFO ] [TurnoController:91] listando todos los turnos
[2022-07-12 20:43:15] [ INFO ] [PacienteController:85] listando todos los pacientes
[2022-07-12 20:43:15] [ INFO ] [OdontologoController:78] listando todos los odontologos
[2022-07-12 20:43:27] [ INFO ] [TurnoController:81] Se modifico el Turno con id : 1
[2022-07-12 20:43:28] [ INFO ] [TurnoController:91] listando todos los turnos
[2022-07-12 20:43:36] [ INFO ] [PacienteController:85] listando todos los pacientes
[2022-07-12 20:43:36] [ INFO ] [OdontologoController:78] listando todos los odontologos
[2022-07-12 20:43:45] [ INFO ] [TurnoController:81] Se modifico el Turno con id : 2
[2022-07-12 20:43:45] [ INFO ] [TurnoController:91] listando todos los turnos
[2022-07-12 20:44:03] [ INFO ] [PacienteController:85] listando todos los pacientes
[2022-07-12 20:47:28] [ INFO ] [OdontologoController:31] Se creó un odontologo
[2022-07-12 20:47:42] [ INFO ] [PacienteController:36] Se creó un paciente
[2022-07-12 20:47:44] [ INFO ] [PacienteController:85] listando todos los pacientes
[2022-07-12 20:47:44] [ INFO ] [OdontologoController:78] listando todos los odontologos
[2022-07-12 20:47:48] [ INFO ] [TurnoController:43] Se creó un turno
[2022-07-12 20:47:52] [ INFO ] [TurnoController:91] listando todos los turnos
[2022-07-12 20:48:02] [ INFO ] [PacienteController:85] listando todos los pacientes
[2022-07-12 20:48:06] [ INFO ] [OdontologoController:78] listando todos los odontologos
[2022-07-12 21:01:49] [ INFO ] [OdontologoController:31] Se creó un odontologo
[2022-07-12 21:01:53] [ INFO ] [OdontologoController:39] get del odontologo id: 1
[2022-07-12 21:02:05] [ INFO ] [OdontologoController:39] get del odontologo id: 1
[2022-07-12 21:02:08] [ INFO ] [OdontologoController:54] put odontologo: Odontologo(id=1, nombre=Clara, apellido=lopez, matricula=1234, turnos=null)
[2022-07-12 21:02:13] [ INFO ] [OdontologoController:78] listando todos los odontologos
[2022-07-12 21:02:22] [ INFO ] [OdontologoController:31] Se creó un odontologo
[2022-07-12 21:02:24] [ INFO ] [OdontologoController:78] listando todos los odontologos
[2022-07-12 21:02:28] [ INFO ] [PacienteController:36] Se creó un paciente
[2022-07-12 21:02:36] [ INFO ] [PacienteController:44] get del paciente id: 1
[2022-07-12 21:03:02] [ ERROR] [GlobalExceptionHandler:17] paciente no encontrado
[2022-07-12 21:03:05] [ INFO ] [PacienteController:85] listando todos los pacientes
[2022-07-12 21:03:21] [ INFO ] [PacienteController:60] Se modifico el paciente con id : 1
[2022-07-12 21:03:28] [ INFO ] [PacienteController:85] listando todos los pacientes
[2022-07-12 21:03:33] [ INFO ] [PacienteController:44] get del paciente id: 1
[2022-07-12 21:03:39] [ INFO ] [TurnoController:43] Se creó un turno
[2022-07-12 21:03:44] [ INFO ] [TurnoController:54] get del Turno id: 1
[2022-07-12 21:03:55] [ INFO ] [TurnoController:81] Se modifico el Turno con id : 1
[2022-07-12 21:03:59] [ INFO ] [TurnoController:54] get del Turno id: 1
[2022-07-12 23:25:33] [ INFO ] [OdontologoController:30] Se creó un odontologo
[2022-07-12 23:25:48] [ INFO ] [PacienteController:36] Se creó un paciente
[2022-07-12 23:25:51] [ INFO ] [PacienteController:85] listando todos los pacientes
[2022-07-12 23:25:51] [ INFO ] [OdontologoController:77] listando todos los odontologos
[2022-07-12 23:25:55] [ INFO ] [TurnoController:43] Se creó un turno
[2022-07-12 23:25:57] [ INFO ] [OdontologoController:77] listando todos los odontologos
[2022-07-12 23:26:02] [ INFO ] [PacienteController:85] listando todos los pacientes
[2022-07-12 23:26:04] [ INFO ] [TurnoController:91] listando todos los turnos
[2022-07-12 23:26:06] [ INFO ] [TurnoController:91] listando todos los turnos
[2022-07-12 23:26:09] [ INFO ] [PacienteController:85] listando todos los pacientes
[2022-07-12 23:26:12] [ INFO ] [OdontologoController:77] listando todos los odontologos
[2022-07-12 23:26:14] [ INFO ] [OdontologoController:67] Se elimino el odontologo id: 1
[2022-07-12 23:26:14] [ INFO ] [OdontologoController:77] listando todos los odontologos
[2022-07-12 23:36:18] [ INFO ] [OdontologoController:77] listando todos los odontologos
[2022-07-12 23:36:19] [ INFO ] [OdontologoController:30] Se creó un odontologo
[2022-07-12 23:36:39] [ INFO ] [OdontologoController:30] Se creó un odontologo
[2022-07-12 23:36:43] [ INFO ] [OdontologoController:77] listando todos los odontologos
[2022-07-12 23:37:47] [ ERROR] [GlobalExceptionHandler:17] odontologo no encontrado
[2022-07-12 23:37:47] [ INFO ] [OdontologoController:77] listando todos los odontologos
[2022-07-12 23:38:50] [ INFO ] [OdontologoController:67] Se elimino el odontologo id: 2
[2022-07-12 23:38:50] [ INFO ] [OdontologoController:77] listando todos los odontologos
[2022-07-13 00:14:03] [ INFO ] [OdontologoController:30] Se creó un odontologo
[2022-07-13 00:14:21] [ INFO ] [PacienteController:36] Se creó un paciente
[2022-07-13 00:14:23] [ INFO ] [PacienteController:85] listando todos los pacientes
[2022-07-13 00:14:23] [ INFO ] [OdontologoController:77] listando todos los odontologos
[2022-07-13 00:14:27] [ INFO ] [TurnoController:43] Se creó un turno
[2022-07-13 00:14:29] [ INFO ] [OdontologoController:77] listando todos los odontologos
[2022-07-13 00:14:31] [ INFO ] [PacienteController:85] listando todos los pacientes
[2022-07-13 00:14:34] [ INFO ] [TurnoController:91] listando todos los turnos
[2022-07-13 00:14:36] [ INFO ] [TurnoController:91] listando todos los turnos
[2022-07-13 00:14:39] [ INFO ] [PacienteController:85] listando todos los pacientes
[2022-07-13 00:14:39] [ INFO ] [OdontologoController:77] listando todos los odontologos
[2022-07-13 00:14:50] [ INFO ] [TurnoController:81] Se modifico el Turno con id : 1
[2022-07-13 00:14:50] [ INFO ] [TurnoController:91] listando todos los turnos
[2022-07-13 00:14:53] [ INFO ] [TurnoController:91] listando todos los turnos
[2022-07-13 00:14:56] [ INFO ] [PacienteController:85] listando todos los pacientes
[2022-07-13 00:14:58] [ INFO ] [PacienteController:74] Se elimino el paciente id: 1
[2022-07-13 00:14:58] [ INFO ] [PacienteController:85] listando todos los pacientes
[2022-07-13 00:15:01] [ INFO ] [OdontologoController:77] listando todos los odontologos
[2022-07-13 00:15:03] [ INFO ] [OdontologoController:67] Se elimino el odontologo id: 1
[2022-07-13 00:15:03] [ INFO ] [OdontologoController:77] listando todos los odontologos
[2022-07-13 09:29:15] [ INFO ] [OdontologoController:30] Se creó un odontologo
[2022-07-13 09:29:28] [ INFO ] [PacienteController:36] Se creó un paciente
[2022-07-13 09:29:31] [ INFO ] [PacienteController:85] listando todos los pacientes
[2022-07-13 09:29:31] [ INFO ] [OdontologoController:77] listando todos los odontologos
[2022-07-13 09:29:36] [ INFO ] [TurnoController:43] Se creó un turno
[2022-07-13 09:29:55] [ INFO ] [OdontologoController:77] listando todos los odontologos
[2022-07-13 09:29:59] [ INFO ] [PacienteController:85] listando todos los pacientes
[2022-07-13 09:30:02] [ INFO ] [TurnoController:91] listando todos los turnos
[2022-07-13 09:30:09] [ INFO ] [OdontologoController:77] listando todos los odontologos
[2022-07-13 09:30:09] [ INFO ] [PacienteController:85] listando todos los pacientes
[2022-07-13 09:30:18] [ INFO ] [TurnoController:81] Se modifico el Turno con id : 1
[2022-07-13 09:30:18] [ INFO ] [TurnoController:91] listando todos los turnos
[2022-07-13 09:30:28] [ INFO ] [PacienteController:85] listando todos los pacientes
[2022-07-13 09:30:43] [ INFO ] [PacienteController:60] Se modifico el paciente con id : 1
[2022-07-13 09:30:44] [ INFO ] [PacienteController:85] listando todos los pacientes
[2022-07-13 09:30:47] [ INFO ] [OdontologoController:77] listando todos los odontologos
[2022-07-13 09:31:06] [ INFO ] [OdontologoController:53] put odontologo: Odontologo(id=1, nombre=Clara, apellido=Lisle, matricula=123, turnos=null)
[2022-07-13 09:31:06] [ INFO ] [OdontologoController:77] listando todos los odontologos
[2022-07-13 09:31:09] [ INFO ] [TurnoController:91] listando todos los turnos
